<?xml version="1.0" encoding="UTF-8"?>
<!-- Generated by org.testng.reporters.JUnitReportReporter -->
<testsuite ignored="0" hostname="DESKTOP-EDT3R9N" failures="0" tests="2" name="qaclickacademy.mavenproject.AppiumTest" time="0.012" errors="0" timestamp="17 Feb 2021 18:31:47 GMT" skipped="0">
  <testcase classname="qaclickacademy.mavenproject.AppiumTest" name="MBtest" time="0.012"/>
  <testcase classname="qaclickacademy.mavenproject.AppiumTest" name="mobiletest" time="0.000"/>
</testsuite> <!-- qaclickacademy.mavenproject.AppiumTest -->
